<?xml version="1.0" encoding="UTF-8"?>
<robot generator="Robot 3.2.1 (Python 3.7.8 on linux)" generated="20200712 19:09:57.734" rpa="false">
<suite id="s1" name="Cadastro-Usuario" source="/home/wendy/Área de Trabalho/JavaScript/RoboWeek 2a Edição/NinjaChef/tests/cadastro-usuario.robot">
<test id="s1-t1" name="Cadastro Simples">
<kw name="Open Session" library="base" type="setup">
<kw name="Open Browser" library="SeleniumLibrary">
<doc>Opens a new browser instance to the optional ``url``.</doc>
<arguments>
<arg>about:blank</arg>
<arg>chrome</arg>
</arguments>
<msg timestamp="20200712 19:09:58.037" level="INFO">Opening browser 'chrome' to base url 'about:blank'.</msg>
<status status="PASS" starttime="20200712 19:09:58.037" endtime="20200712 19:10:00.338"></status>
</kw>
<status status="PASS" starttime="20200712 19:09:58.036" endtime="20200712 19:10:00.340"></status>
</kw>
<kw name="Dado que acesso a página principal" library="kws">
<kw name="Go To" library="SeleniumLibrary">
<doc>Navigates the current browser window to the provided ``url``.</doc>
<arguments>
<arg>http://ninjachef-qaninja-io.umbler.net/</arg>
</arguments>
<msg timestamp="20200712 19:10:00.344" level="INFO">Opening url 'http://ninjachef-qaninja-io.umbler.net/'</msg>
<status status="PASS" starttime="20200712 19:10:00.343" endtime="20200712 19:10:02.945"></status>
</kw>
<status status="PASS" starttime="20200712 19:10:00.341" endtime="20200712 19:10:02.945"></status>
</kw>
<kw name="Quando submeto o meu email &quot;wendyufpb@gmail.com&quot;" library="kws">
<kw name="Input Text" library="SeleniumLibrary">
<doc>Types the given ``text`` into the text field identified by ``locator``.</doc>
<arguments>
<arg>id:email</arg>
<arg>${email}</arg>
</arguments>
<msg timestamp="20200712 19:10:02.947" level="INFO">Typing text 'wendyufpb@gmail.com' into text field 'id:email'.</msg>
<status status="PASS" starttime="20200712 19:10:02.946" endtime="20200712 19:10:03.222"></status>
</kw>
<kw name="Click Element" library="SeleniumLibrary">
<doc>Click the element identified by ``locator``.</doc>
<arguments>
<arg>css:button[type=submit]</arg>
</arguments>
<msg timestamp="20200712 19:10:03.223" level="INFO">Clicking element 'css:button[type=submit]'.</msg>
<status status="PASS" starttime="20200712 19:10:03.222" endtime="20200712 19:10:03.311"></status>
</kw>
<kw name="Sleep" library="BuiltIn">
<doc>Pauses the test executed for the given time.</doc>
<arguments>
<arg>5</arg>
</arguments>
<msg timestamp="20200712 19:10:08.312" level="INFO">Slept 5 seconds</msg>
<status status="PASS" starttime="20200712 19:10:03.311" endtime="20200712 19:10:08.313"></status>
</kw>
<status status="PASS" starttime="20200712 19:10:02.946" endtime="20200712 19:10:08.314"></status>
</kw>
<kw name="Então devo ser autenticado" library="kws">
<kw name="Wait Until Page Contains Element" library="SeleniumLibrary">
<doc>Waits until the element ``locator`` appears on the current page.</doc>
<arguments>
<arg>class:dashboard</arg>
</arguments>
<status status="PASS" starttime="20200712 19:10:08.316" endtime="20200712 19:10:08.361"></status>
</kw>
<status status="PASS" starttime="20200712 19:10:08.315" endtime="20200712 19:10:08.362"></status>
</kw>
<kw name="Close Session" library="base" type="teardown">
<kw name="Close Browser" library="SeleniumLibrary">
<doc>Closes the current browser.</doc>
<status status="PASS" starttime="20200712 19:10:08.364" endtime="20200712 19:10:08.429"></status>
</kw>
<status status="PASS" starttime="20200712 19:10:08.363" endtime="20200712 19:10:08.430"></status>
</kw>
<status status="PASS" starttime="20200712 19:09:58.035" endtime="20200712 19:10:08.430" critical="yes"></status>
</test>
<test id="s1-t2" name="Email Incorreto">
<kw name="Open Session" library="base" type="setup">
<kw name="Open Browser" library="SeleniumLibrary">
<doc>Opens a new browser instance to the optional ``url``.</doc>
<arguments>
<arg>about:blank</arg>
<arg>chrome</arg>
</arguments>
<msg timestamp="20200712 19:10:08.435" level="INFO">Opening browser 'chrome' to base url 'about:blank'.</msg>
<status status="PASS" starttime="20200712 19:10:08.434" endtime="20200712 19:10:10.057"></status>
</kw>
<status status="PASS" starttime="20200712 19:10:08.433" endtime="20200712 19:10:10.058"></status>
</kw>
<kw name="Dado que acesso a página principal" library="kws">
<kw name="Go To" library="SeleniumLibrary">
<doc>Navigates the current browser window to the provided ``url``.</doc>
<arguments>
<arg>http://ninjachef-qaninja-io.umbler.net/</arg>
</arguments>
<msg timestamp="20200712 19:10:10.061" level="INFO">Opening url 'http://ninjachef-qaninja-io.umbler.net/'</msg>
<status status="PASS" starttime="20200712 19:10:10.061" endtime="20200712 19:10:11.823"></status>
</kw>
<status status="PASS" starttime="20200712 19:10:10.060" endtime="20200712 19:10:11.824"></status>
</kw>
<kw name="Quando submeto o meu email &quot;wendyufpb&amp;gmail.com&quot;" library="kws">
<kw name="Input Text" library="SeleniumLibrary">
<doc>Types the given ``text`` into the text field identified by ``locator``.</doc>
<arguments>
<arg>id:email</arg>
<arg>${email}</arg>
</arguments>
<msg timestamp="20200712 19:10:11.829" level="INFO">Typing text 'wendyufpb&amp;gmail.com' into text field 'id:email'.</msg>
<status status="PASS" starttime="20200712 19:10:11.828" endtime="20200712 19:10:12.134"></status>
</kw>
<kw name="Click Element" library="SeleniumLibrary">
<doc>Click the element identified by ``locator``.</doc>
<arguments>
<arg>css:button[type=submit]</arg>
</arguments>
<msg timestamp="20200712 19:10:12.134" level="INFO">Clicking element 'css:button[type=submit]'.</msg>
<status status="PASS" starttime="20200712 19:10:12.134" endtime="20200712 19:10:12.216"></status>
</kw>
<kw name="Sleep" library="BuiltIn">
<doc>Pauses the test executed for the given time.</doc>
<arguments>
<arg>5</arg>
</arguments>
<msg timestamp="20200712 19:10:17.217" level="INFO">Slept 5 seconds</msg>
<status status="PASS" starttime="20200712 19:10:12.216" endtime="20200712 19:10:17.217"></status>
</kw>
<status status="PASS" starttime="20200712 19:10:11.826" endtime="20200712 19:10:17.217"></status>
</kw>
<kw name="Então devo ver a mensagem &quot;Oops. Informe um email válido!&quot;" library="kws">
<kw name="Wait Until Element Contains" library="SeleniumLibrary">
<doc>Waits until the element ``locator`` contains ``text``.</doc>
<arguments>
<arg>class:alert</arg>
<arg>${expect_message}</arg>
</arguments>
<status status="PASS" starttime="20200712 19:10:17.219" endtime="20200712 19:10:17.263"></status>
</kw>
<status status="PASS" starttime="20200712 19:10:17.218" endtime="20200712 19:10:17.264"></status>
</kw>
<kw name="Close Session" library="base" type="teardown">
<kw name="Close Browser" library="SeleniumLibrary">
<doc>Closes the current browser.</doc>
<status status="PASS" starttime="20200712 19:10:17.265" endtime="20200712 19:10:17.328"></status>
</kw>
<status status="PASS" starttime="20200712 19:10:17.264" endtime="20200712 19:10:17.329"></status>
</kw>
<status status="PASS" starttime="20200712 19:10:08.431" endtime="20200712 19:10:17.329" critical="yes"></status>
</test>
<test id="s1-t3" name="Email Não Informado">
<kw name="Open Session" library="base" type="setup">
<kw name="Open Browser" library="SeleniumLibrary">
<doc>Opens a new browser instance to the optional ``url``.</doc>
<arguments>
<arg>about:blank</arg>
<arg>chrome</arg>
</arguments>
<msg timestamp="20200712 19:10:17.332" level="INFO">Opening browser 'chrome' to base url 'about:blank'.</msg>
<status status="PASS" starttime="20200712 19:10:17.331" endtime="20200712 19:10:19.125"></status>
</kw>
<status status="PASS" starttime="20200712 19:10:17.331" endtime="20200712 19:10:19.125"></status>
</kw>
<kw name="Dado que acesso a página principal" library="kws">
<kw name="Go To" library="SeleniumLibrary">
<doc>Navigates the current browser window to the provided ``url``.</doc>
<arguments>
<arg>http://ninjachef-qaninja-io.umbler.net/</arg>
</arguments>
<msg timestamp="20200712 19:10:19.128" level="INFO">Opening url 'http://ninjachef-qaninja-io.umbler.net/'</msg>
<status status="PASS" starttime="20200712 19:10:19.127" endtime="20200712 19:10:20.704"></status>
</kw>
<status status="PASS" starttime="20200712 19:10:19.126" endtime="20200712 19:10:20.705"></status>
</kw>
<kw name="Quando submeto o meu email &quot;${EMPTY}&quot;" library="kws">
<kw name="Input Text" library="SeleniumLibrary">
<doc>Types the given ``text`` into the text field identified by ``locator``.</doc>
<arguments>
<arg>id:email</arg>
<arg>${email}</arg>
</arguments>
<msg timestamp="20200712 19:10:20.708" level="INFO">Typing text '' into text field 'id:email'.</msg>
<status status="PASS" starttime="20200712 19:10:20.707" endtime="20200712 19:10:20.823"></status>
</kw>
<kw name="Click Element" library="SeleniumLibrary">
<doc>Click the element identified by ``locator``.</doc>
<arguments>
<arg>css:button[type=submit]</arg>
</arguments>
<msg timestamp="20200712 19:10:20.824" level="INFO">Clicking element 'css:button[type=submit]'.</msg>
<status status="PASS" starttime="20200712 19:10:20.824" endtime="20200712 19:10:20.899"></status>
</kw>
<kw name="Sleep" library="BuiltIn">
<doc>Pauses the test executed for the given time.</doc>
<arguments>
<arg>5</arg>
</arguments>
<msg timestamp="20200712 19:10:25.900" level="INFO">Slept 5 seconds</msg>
<status status="PASS" starttime="20200712 19:10:20.899" endtime="20200712 19:10:25.901"></status>
</kw>
<status status="PASS" starttime="20200712 19:10:20.705" endtime="20200712 19:10:25.901"></status>
</kw>
<kw name="Então devo ver a mensagem &quot;Oops. Informe um email válido!&quot;" library="kws">
<kw name="Wait Until Element Contains" library="SeleniumLibrary">
<doc>Waits until the element ``locator`` contains ``text``.</doc>
<arguments>
<arg>class:alert</arg>
<arg>${expect_message}</arg>
</arguments>
<status status="PASS" starttime="20200712 19:10:25.903" endtime="20200712 19:10:25.940"></status>
</kw>
<status status="PASS" starttime="20200712 19:10:25.902" endtime="20200712 19:10:25.940"></status>
</kw>
<kw name="Close Session" library="base" type="teardown">
<kw name="Close Browser" library="SeleniumLibrary">
<doc>Closes the current browser.</doc>
<status status="PASS" starttime="20200712 19:10:25.941" endtime="20200712 19:10:26.004"></status>
</kw>
<status status="PASS" starttime="20200712 19:10:25.941" endtime="20200712 19:10:26.005"></status>
</kw>
<status status="PASS" starttime="20200712 19:10:17.330" endtime="20200712 19:10:26.005" critical="yes"></status>
</test>
<doc>Suites dos testes de cadastro</doc>
<status status="PASS" starttime="20200712 19:09:57.736" endtime="20200712 19:10:26.006"></status>
</suite>
<statistics>
<total>
<stat pass="3" fail="0">Critical Tests</stat>
<stat pass="3" fail="0">All Tests</stat>
</total>
<tag>
</tag>
<suite>
<stat pass="3" fail="0" id="s1" name="Cadastro-Usuario">Cadastro-Usuario</stat>
</suite>
</statistics>
<errors>
</errors>
</robot>
