<?xml version="1.0" encoding="UTF-8"?>
<robot generator="Robot 3.2.1 (Python 3.7.8 on linux)" generated="20200713 11:03:00.022" rpa="false">
<suite id="s1" name="Produtos" source="/home/wendy/Área de Trabalho/JavaScript/RoboWeek 2a Edição/NinjaChef/tests/produtos.robot">
<test id="s1-t1" name="Novo prato">
<kw name="Login Session" library="helpers" type="setup">
<arguments>
<arg>wendyufpb@gmail.com</arg>
</arguments>
<kw name="Open Session" library="base">
<kw name="Open Browser" library="SeleniumLibrary">
<doc>Opens a new browser instance to the optional ``url``.</doc>
<arguments>
<arg>about:blank</arg>
<arg>chrome</arg>
</arguments>
<msg timestamp="20200713 11:03:00.221" level="INFO">Opening browser 'chrome' to base url 'about:blank'.</msg>
<status status="PASS" starttime="20200713 11:03:00.220" endtime="20200713 11:03:01.878"></status>
</kw>
<status status="PASS" starttime="20200713 11:03:00.220" endtime="20200713 11:03:01.878"></status>
</kw>
<kw name="Go To" library="SeleniumLibrary">
<doc>Navigates the current browser window to the provided ``url``.</doc>
<arguments>
<arg>http://ninjachef-qaninja-io.umbler.net/</arg>
</arguments>
<msg timestamp="20200713 11:03:01.879" level="INFO">Opening url 'http://ninjachef-qaninja-io.umbler.net/'</msg>
<status status="PASS" starttime="20200713 11:03:01.879" endtime="20200713 11:03:04.352"></status>
</kw>
<kw name="Input Text" library="SeleniumLibrary">
<doc>Types the given ``text`` into the text field identified by ``locator``.</doc>
<arguments>
<arg>id:email</arg>
<arg>${email}</arg>
</arguments>
<msg timestamp="20200713 11:03:04.355" level="INFO">Typing text 'wendyufpb@gmail.com' into text field 'id:email'.</msg>
<status status="PASS" starttime="20200713 11:03:04.353" endtime="20200713 11:03:04.652"></status>
</kw>
<kw name="Click Element" library="SeleniumLibrary">
<doc>Click the element identified by ``locator``.</doc>
<arguments>
<arg>css:button[type=submit]</arg>
</arguments>
<msg timestamp="20200713 11:03:04.652" level="INFO">Clicking element 'css:button[type=submit]'.</msg>
<status status="PASS" starttime="20200713 11:03:04.652" endtime="20200713 11:03:04.723"></status>
</kw>
<kw name="Wait Until Page Contains Element" library="SeleniumLibrary">
<doc>Waits until the element ``locator`` appears on the current page.</doc>
<arguments>
<arg>class:dashboard</arg>
</arguments>
<status status="PASS" starttime="20200713 11:03:04.723" endtime="20200713 11:03:05.239"></status>
</kw>
<status status="PASS" starttime="20200713 11:03:00.219" endtime="20200713 11:03:05.240"></status>
</kw>
<kw name="Dado que &quot;&amp;{nhoque}&quot; é um dos meus pratos" library="kws">
<kw name="Set Test Variable" library="BuiltIn">
<doc>Makes a variable available everywhere within the scope of the current test.</doc>
<arguments>
<arg>${produto}</arg>
</arguments>
<msg timestamp="20200713 11:03:05.241" level="INFO">${produto} = {'nome': 'Nnhoque molho páprica', 'tipo': 'Massas', 'preco': '20.00'}</msg>
<status status="PASS" starttime="20200713 11:03:05.241" endtime="20200713 11:03:05.241"></status>
</kw>
<status status="PASS" starttime="20200713 11:03:05.240" endtime="20200713 11:03:05.242"></status>
</kw>
<kw name="Quando faço o cadastro desse item" library="kws">
<kw name="Wait Until Element Is Visible" library="SeleniumLibrary">
<doc>Waits until the element ``locator`` is visible.</doc>
<arguments>
<arg>class:btn-add</arg>
<arg>5</arg>
</arguments>
<status status="PASS" starttime="20200713 11:03:05.242" endtime="20200713 11:03:05.724"></status>
</kw>
<kw name="Click Element" library="SeleniumLibrary">
<doc>Click the element identified by ``locator``.</doc>
<arguments>
<arg>class:btn-add</arg>
</arguments>
<msg timestamp="20200713 11:03:05.724" level="INFO">Clicking element 'class:btn-add'.</msg>
<status status="PASS" starttime="20200713 11:03:05.724" endtime="20200713 11:03:05.810"></status>
</kw>
<kw name="Input Text" library="SeleniumLibrary">
<doc>Types the given ``text`` into the text field identified by ``locator``.</doc>
<arguments>
<arg>id:name</arg>
<arg>${produto['nome']}</arg>
</arguments>
<msg timestamp="20200713 11:03:05.810" level="INFO">Typing text 'Nnhoque molho páprica' into text field 'id:name'.</msg>
<status status="PASS" starttime="20200713 11:03:05.810" endtime="20200713 11:03:06.038"></status>
</kw>
<kw name="Input Text" library="SeleniumLibrary">
<doc>Types the given ``text`` into the text field identified by ``locator``.</doc>
<arguments>
<arg>id:plate</arg>
<arg>${produto['tipo']}</arg>
</arguments>
<msg timestamp="20200713 11:03:06.039" level="INFO">Typing text 'Massas' into text field 'id:plate'.</msg>
<status status="PASS" starttime="20200713 11:03:06.038" endtime="20200713 11:03:06.183"></status>
</kw>
<kw name="Input Text" library="SeleniumLibrary">
<doc>Types the given ``text`` into the text field identified by ``locator``.</doc>
<arguments>
<arg>id:price</arg>
<arg>${produto['preco']}</arg>
</arguments>
<msg timestamp="20200713 11:03:06.183" level="INFO">Typing text '20.00' into text field 'id:price'.</msg>
<status status="PASS" starttime="20200713 11:03:06.183" endtime="20200713 11:03:06.332"></status>
</kw>
<kw name="Click Element" library="SeleniumLibrary">
<doc>Click the element identified by ``locator``.</doc>
<arguments>
<arg>class:btn-cadastrar</arg>
</arguments>
<msg timestamp="20200713 11:03:06.332" level="INFO">Clicking element 'class:btn-cadastrar'.</msg>
<status status="PASS" starttime="20200713 11:03:06.332" endtime="20200713 11:03:06.414"></status>
</kw>
<status status="PASS" starttime="20200713 11:03:05.242" endtime="20200713 11:03:06.414"></status>
</kw>
<kw name="Então devo ver este prato no meu dashboard" library="kws">
<kw name="Wait Until Element Contains" library="SeleniumLibrary">
<doc>Waits until the element ``locator`` contains ``text``.</doc>
<arguments>
<arg>class:product-list</arg>
<arg>${produto['nome']}</arg>
</arguments>
<kw name="Capture Page Screenshot" library="SeleniumLibrary">
<doc>Takes a screenshot of the current page and embeds it into a log file.</doc>
<msg timestamp="20200713 11:03:11.876" level="INFO" html="yes">&lt;/td&gt;&lt;/tr&gt;&lt;tr&gt;&lt;td colspan="3"&gt;&lt;a href="selenium-screenshot-5.png"&gt;&lt;img src="selenium-screenshot-5.png" width="800px"&gt;&lt;/a&gt;</msg>
<status status="PASS" starttime="20200713 11:03:11.545" endtime="20200713 11:03:11.876"></status>
</kw>
<msg timestamp="20200713 11:03:11.878" level="FAIL">Element with locator 'class:product-list' not found.</msg>
<status status="FAIL" starttime="20200713 11:03:06.416" endtime="20200713 11:03:11.878"></status>
</kw>
<status status="FAIL" starttime="20200713 11:03:06.415" endtime="20200713 11:03:11.878"></status>
</kw>
<kw name="Close Session" library="base" type="teardown">
<kw name="Close Browser" library="SeleniumLibrary">
<doc>Closes the current browser.</doc>
<status status="PASS" starttime="20200713 11:03:11.880" endtime="20200713 11:03:11.943"></status>
</kw>
<status status="PASS" starttime="20200713 11:03:11.879" endtime="20200713 11:03:11.944"></status>
</kw>
<status status="FAIL" starttime="20200713 11:03:00.219" endtime="20200713 11:03:11.944" critical="yes">Element with locator 'class:product-list' not found.</status>
</test>
<doc>Cadastro de produtos/pratos
Sendo um cozinheiro amador
Quero cadastrar meus melhores pratos
Para que eu possa cozinha-los para outras pessoas</doc>
<status status="FAIL" starttime="20200713 11:03:00.024" endtime="20200713 11:03:11.946"></status>
</suite>
<statistics>
<total>
<stat pass="0" fail="1">Critical Tests</stat>
<stat pass="0" fail="1">All Tests</stat>
</total>
<tag>
</tag>
<suite>
<stat pass="0" fail="1" id="s1" name="Produtos">Produtos</stat>
</suite>
</statistics>
<errors>
</errors>
</robot>
