<?xml version="1.0" encoding="UTF-8"?>
<robot generator="Robot 3.2.1 (Python 3.7.8 on linux)" generated="20200713 11:55:16.321" rpa="false">
<suite id="s1" name="Produtos" source="/home/wendy/Área de Trabalho/JavaScript/RoboWeek 2a Edição/NinjaChef/tests/produtos.robot">
<test id="s1-t1" name="Novo prato">
<kw name="Login Session" library="helpers" type="setup">
<arguments>
<arg>wendyufpb@gmail.com</arg>
</arguments>
<kw name="Open Session" library="base">
<kw name="Open Browser" library="SeleniumLibrary">
<doc>Opens a new browser instance to the optional ``url``.</doc>
<arguments>
<arg>about:blank</arg>
<arg>chrome</arg>
</arguments>
<msg timestamp="20200713 11:55:16.554" level="INFO">Opening browser 'chrome' to base url 'about:blank'.</msg>
<status status="PASS" starttime="20200713 11:55:16.553" endtime="20200713 11:55:18.285"></status>
</kw>
<status status="PASS" starttime="20200713 11:55:16.553" endtime="20200713 11:55:18.285"></status>
</kw>
<kw name="Go To" library="SeleniumLibrary">
<doc>Navigates the current browser window to the provided ``url``.</doc>
<arguments>
<arg>http://ninjachef-qaninja-io.umbler.net/</arg>
</arguments>
<msg timestamp="20200713 11:55:18.286" level="INFO">Opening url 'http://ninjachef-qaninja-io.umbler.net/'</msg>
<status status="PASS" starttime="20200713 11:55:18.286" endtime="20200713 11:55:22.563"></status>
</kw>
<kw name="Input Text" library="SeleniumLibrary">
<doc>Types the given ``text`` into the text field identified by ``locator``.</doc>
<arguments>
<arg>id:email</arg>
<arg>${email}</arg>
</arguments>
<msg timestamp="20200713 11:55:22.564" level="INFO">Typing text 'wendyufpb@gmail.com' into text field 'id:email'.</msg>
<status status="PASS" starttime="20200713 11:55:22.563" endtime="20200713 11:55:22.897"></status>
</kw>
<kw name="Click Element" library="SeleniumLibrary">
<doc>Click the element identified by ``locator``.</doc>
<arguments>
<arg>css:button[type=submit]</arg>
</arguments>
<msg timestamp="20200713 11:55:22.898" level="INFO">Clicking element 'css:button[type=submit]'.</msg>
<status status="PASS" starttime="20200713 11:55:22.897" endtime="20200713 11:55:22.983"></status>
</kw>
<kw name="Wait Until Page Contains Element" library="SeleniumLibrary">
<doc>Waits until the element ``locator`` appears on the current page.</doc>
<arguments>
<arg>class:dashboard</arg>
</arguments>
<status status="PASS" starttime="20200713 11:55:22.983" endtime="20200713 11:55:23.471"></status>
</kw>
<status status="PASS" starttime="20200713 11:55:16.552" endtime="20200713 11:55:23.471"></status>
</kw>
<kw name="Dado que &quot;&amp;{nhoque}&quot; é um dos meus pratos" library="kws">
<kw name="Set Test Variable" library="BuiltIn">
<doc>Makes a variable available everywhere within the scope of the current test.</doc>
<arguments>
<arg>${produto}</arg>
</arguments>
<msg timestamp="20200713 11:55:23.474" level="INFO">${produto} = {'img': 'nhoque.jpg', 'nome': 'Nnhoque molho páprica', 'tipo': 'Massas', 'preco': '20.00'}</msg>
<status status="PASS" starttime="20200713 11:55:23.473" endtime="20200713 11:55:23.474"></status>
</kw>
<status status="PASS" starttime="20200713 11:55:23.472" endtime="20200713 11:55:23.475"></status>
</kw>
<kw name="Quando faço o cadastro desse item" library="kws">
<kw name="Wait Until Element Is Visible" library="SeleniumLibrary">
<doc>Waits until the element ``locator`` is visible.</doc>
<arguments>
<arg>class:btn-add</arg>
<arg>5</arg>
</arguments>
<status status="PASS" starttime="20200713 11:55:23.476" endtime="20200713 11:55:24.026"></status>
</kw>
<kw name="Click Element" library="SeleniumLibrary">
<doc>Click the element identified by ``locator``.</doc>
<arguments>
<arg>class:btn-add</arg>
</arguments>
<msg timestamp="20200713 11:55:24.027" level="INFO">Clicking element 'class:btn-add'.</msg>
<status status="PASS" starttime="20200713 11:55:24.027" endtime="20200713 11:55:24.119"></status>
</kw>
<kw name="Choose File" library="SeleniumLibrary">
<doc>Inputs the ``file_path`` into the file input field ``locator``.</doc>
<arguments>
<arg>css:input[id=thumbnail]</arg>
<arg>${EXECDIR}/resources/images/${produto['img']}</arg>
</arguments>
<msg timestamp="20200713 11:55:24.121" level="INFO">Sending /home/wendy/Área de Trabalho/JavaScript/RoboWeek 2a Edição/NinjaChef/resources/images/nhoque.jpg to browser.</msg>
<status status="PASS" starttime="20200713 11:55:24.120" endtime="20200713 11:55:24.215"></status>
</kw>
<kw name="Input Text" library="SeleniumLibrary">
<doc>Types the given ``text`` into the text field identified by ``locator``.</doc>
<arguments>
<arg>id:name</arg>
<arg>${produto['nome']}</arg>
</arguments>
<msg timestamp="20200713 11:55:24.218" level="INFO">Typing text 'Nnhoque molho páprica' into text field 'id:name'.</msg>
<status status="PASS" starttime="20200713 11:55:24.216" endtime="20200713 11:55:24.490"></status>
</kw>
<kw name="Input Text" library="SeleniumLibrary">
<doc>Types the given ``text`` into the text field identified by ``locator``.</doc>
<arguments>
<arg>id:plate</arg>
<arg>${produto['tipo']}</arg>
</arguments>
<msg timestamp="20200713 11:55:24.490" level="INFO">Typing text 'Massas' into text field 'id:plate'.</msg>
<status status="PASS" starttime="20200713 11:55:24.490" endtime="20200713 11:55:24.658"></status>
</kw>
<kw name="Input Text" library="SeleniumLibrary">
<doc>Types the given ``text`` into the text field identified by ``locator``.</doc>
<arguments>
<arg>id:price</arg>
<arg>${produto['preco']}</arg>
</arguments>
<msg timestamp="20200713 11:55:24.659" level="INFO">Typing text '20.00' into text field 'id:price'.</msg>
<status status="PASS" starttime="20200713 11:55:24.659" endtime="20200713 11:55:24.837"></status>
</kw>
<kw name="Sleep" library="BuiltIn">
<doc>Pauses the test executed for the given time.</doc>
<arguments>
<arg>10</arg>
</arguments>
<msg timestamp="20200713 11:55:34.838" level="INFO">Slept 10 seconds</msg>
<status status="PASS" starttime="20200713 11:55:24.837" endtime="20200713 11:55:34.839"></status>
</kw>
<kw name="Click Element" library="SeleniumLibrary">
<doc>Click the element identified by ``locator``.</doc>
<arguments>
<arg>class:btn-cadastrar</arg>
</arguments>
<msg timestamp="20200713 11:55:34.841" level="INFO">Clicking element 'class:btn-cadastrar'.</msg>
<status status="PASS" starttime="20200713 11:55:34.840" endtime="20200713 11:55:35.045"></status>
</kw>
<status status="PASS" starttime="20200713 11:55:23.475" endtime="20200713 11:55:35.045"></status>
</kw>
<kw name="Então devo ver este prato no meu dashboard" library="kws">
<kw name="Wait Until Element Contains" library="SeleniumLibrary">
<doc>Waits until the element ``locator`` contains ``text``.</doc>
<arguments>
<arg>class:product-list</arg>
<arg>${produto['nome']}</arg>
</arguments>
<status status="PASS" starttime="20200713 11:55:35.046" endtime="20200713 11:55:36.335"></status>
</kw>
<status status="PASS" starttime="20200713 11:55:35.045" endtime="20200713 11:55:36.336"></status>
</kw>
<kw name="Close Session" library="base" type="teardown">
<kw name="Close Browser" library="SeleniumLibrary">
<doc>Closes the current browser.</doc>
<status status="PASS" starttime="20200713 11:55:36.338" endtime="20200713 11:55:36.402"></status>
</kw>
<status status="PASS" starttime="20200713 11:55:36.337" endtime="20200713 11:55:36.403"></status>
</kw>
<status status="PASS" starttime="20200713 11:55:16.550" endtime="20200713 11:55:36.403" critical="yes"></status>
</test>
<doc>Cadastro de produtos/pratos
Sendo um cozinheiro amador
Quero cadastrar meus melhores pratos
Para que eu possa cozinha-los para outras pessoas</doc>
<status status="PASS" starttime="20200713 11:55:16.322" endtime="20200713 11:55:36.405"></status>
</suite>
<statistics>
<total>
<stat pass="1" fail="0">Critical Tests</stat>
<stat pass="1" fail="0">All Tests</stat>
</total>
<tag>
</tag>
<suite>
<stat pass="1" fail="0" id="s1" name="Produtos">Produtos</stat>
</suite>
</statistics>
<errors>
</errors>
</robot>
